<?xml version="1.0" encoding="UTF-8"?>
<!-- Generated by org.testng.reporters.JUnitXMLReporter -->
<testsuite ignored="0" hostname="DESKTOP-BM24KA3" failures="0" tests="2" name="Error Validation Test" time="20.669" errors="0" timestamp="2024-04-02T16:14:12 IST">
  <testcase classname="SeleniumFramework.test.ErrorValidationTest" name="ProducterrorValidation" time="13.973"/>
  <testcase classname="SeleniumFramework.test.ErrorValidationTest" name="loginErrorValidation" time="0.736"/>
</testsuite> <!-- Error Validation Test -->
