<?xml version="1.0" encoding="UTF-8"?>
<!-- Generated by org.testng.reporters.JUnitXMLReporter -->
<testsuite ignored="0" hostname="DESKTOP-BM24KA3" failures="0" tests="3" name="Stand Alone" time="41.757" errors="0" timestamp="2024-04-02T16:13:51 IST">
  <testcase classname="SeleniumFramework.test.StandAlone" name="submitOrder" time="15.341"/>
  <testcase classname="SeleniumFramework.test.StandAlone" name="submitOrder" time="15.189"/>
  <testcase classname="SeleniumFramework.test.StandAlone" name="orderHistoryTest" time="0.998"/>
</testsuite> <!-- Stand Alone -->
