<?xml version="1.0" encoding="UTF-8"?>
<!-- Generated by org.testng.reporters.JUnitXMLReporter -->
<testsuite ignored="0" hostname="DESKTOP-BM24KA3" failures="0" tests="3" name="Submit Order test" time="45.757" errors="0" timestamp="2024-04-02T15:20:14 IST">
  <testcase classname="SeleniumFramework.test.StandAlone" name="submitOrder" time="15.11"/>
  <testcase classname="SeleniumFramework.test.StandAlone" name="submitOrder" time="15.101"/>
  <testcase classname="SeleniumFramework.test.StandAlone" name="orderHistoryTest" time="1.115"/>
</testsuite> <!-- Submit Order test -->
