<?xml version="1.0" encoding="UTF-8"?>
<!-- Generated by org.testng.reporters.JUnitXMLReporter -->
<testsuite ignored="0" hostname="DESKTOP-BM24KA3" failures="0" tests="2" name="Command line test" time="22.279" errors="0" timestamp="2024-04-02T16:15:36 IST">
  <testcase classname="SeleniumFramework.test.ErrorValidationTest" name="ProducterrorValidation" time="13.982"/>
  <testcase classname="SeleniumFramework.test.ErrorValidationTest" name="loginErrorValidation" time="0.657"/>
</testsuite> <!-- Command line test -->
