<?xml version="1.0" encoding="UTF-8"?>
<!-- Generated by org.testng.reporters.JUnitXMLReporter -->
<testsuite ignored="0" hostname="DESKTOP-BM24KA3" failures="0" tests="2" name="Error Validation Test" time="21.009" errors="0" timestamp="2024-04-03T12:59:45 IST">
  <testcase classname="SeleniumFramework.test.ErrorValidationTest" name="ProducterrorValidation" time="14.038"/>
  <testcase classname="SeleniumFramework.test.ErrorValidationTest" name="loginErrorValidation" time="0.744"/>
</testsuite> <!-- Error Validation Test -->
