<?xml version="1.0" encoding="UTF-8"?>
<!-- Generated by org.testng.reporters.JUnitXMLReporter -->
<testsuite ignored="0" hostname="DESKTOP-BM24KA3" failures="0" tests="3" name="Stand Alone" time="46.884" errors="0" timestamp="2024-04-03T12:59:24 IST">
  <testcase classname="SeleniumFramework.test.StandAlone" name="submitOrder" time="15.41"/>
  <testcase classname="SeleniumFramework.test.StandAlone" name="submitOrder" time="15.419"/>
  <testcase classname="SeleniumFramework.test.StandAlone" name="orderHistoryTest" time="0.883"/>
</testsuite> <!-- Stand Alone -->
