<?xml version="1.0" encoding="UTF-8"?>
<!-- Generated by org.testng.reporters.JUnitXMLReporter -->
<testsuite ignored="2" hostname="DESKTOP-BM24KA3" failures="0" tests="0" time="0.015" errors="0" timestamp="2024-04-03T12:32:51 IST">
  <testcase classname="SeleniumFramework.test.StandAlone" name="orderHistoryTest" time="0.0">
    <ignored/>
  </testcase> <!-- orderHistoryTest -->
  <testcase classname="SeleniumFramework.test.StandAlone" name="submitOrder" time="0.0">
    <ignored/>
  </testcase> <!-- submitOrder -->
</testsuite>
