<?xml version="1.0" encoding="UTF-8"?>
<testng-results ignored="0" total="5" passed="5" failed="0" skipped="0">
  <reporter-output>
  </reporter-output>
  <suite started-at="2024-04-03T12:58:37 IST" name="Suite" finished-at="2024-04-03T12:59:45 IST" duration-ms="68000">
    <groups>
      <group name="ErrorHandling">
        <method signature="ErrorValidationTest.loginErrorValidation()[pri:0, instance:SeleniumFramework.test.ErrorValidationTest@5b970f7]" name="loginErrorValidation" class="SeleniumFramework.test.ErrorValidationTest"/>
      </group> <!-- ErrorHandling -->
      <group name="Parches">
        <method signature="StandAlone.submitOrder(java.util.HashMap)[pri:0, instance:SeleniumFramework.test.StandAlone@346939bf]" name="submitOrder" class="SeleniumFramework.test.StandAlone"/>
      </group> <!-- Parches -->
    </groups>
    <test started-at="2024-04-03T12:58:37 IST" name="Stand Alone" finished-at="2024-04-03T12:59:24 IST" duration-ms="46884">
      <class name="SeleniumFramework.test.StandAlone">
        <test-method is-config="true" signature="launchApplication()[pri:0, instance:SeleniumFramework.test.StandAlone@346939bf]" started-at="2024-04-03T12:58:37 IST" name="launchApplication" finished-at="2024-04-03T12:58:46 IST" duration-ms="9086" status="PASS">
          <reporter-output>
          </reporter-output>
        </test-method> <!-- launchApplication -->
        <test-method signature="submitOrder(java.util.HashMap)[pri:0, instance:SeleniumFramework.test.StandAlone@346939bf]" started-at="2024-04-03T12:58:46 IST" name="submitOrder" data-provider="getData" finished-at="2024-04-03T12:59:02 IST" duration-ms="15410" status="PASS">
          <params>
            <param index="0">
              <value>
                <![CDATA[{ProductName=ZARA COAT 3, email=shraddhha@gmail.com, Password=Asdf@1234}]]>
              </value>
            </param>
          </params>
          <reporter-output>
          </reporter-output>
        </test-method> <!-- submitOrder -->
        <test-method is-config="true" signature="tearDown()[pri:0, instance:SeleniumFramework.test.StandAlone@346939bf]" started-at="2024-04-03T12:59:02 IST" name="tearDown" finished-at="2024-04-03T12:59:02 IST" duration-ms="41" status="PASS">
          <reporter-output>
          </reporter-output>
        </test-method> <!-- tearDown -->
        <test-method is-config="true" signature="launchApplication()[pri:0, instance:SeleniumFramework.test.StandAlone@346939bf]" started-at="2024-04-03T12:59:02 IST" name="launchApplication" finished-at="2024-04-03T12:59:05 IST" duration-ms="2891" status="PASS">
          <reporter-output>
          </reporter-output>
        </test-method> <!-- launchApplication -->
        <test-method signature="submitOrder(java.util.HashMap)[pri:0, instance:SeleniumFramework.test.StandAlone@346939bf]" started-at="2024-04-03T12:59:05 IST" name="submitOrder" data-provider="getData" finished-at="2024-04-03T12:59:20 IST" duration-ms="15419" status="PASS">
          <params>
            <param index="0">
              <value>
                <![CDATA[{ProductName=ADIDAS ORIGINAL, email=tanvi@gmail.com, Password=Asdf@1234}]]>
              </value>
            </param>
          </params>
          <reporter-output>
          </reporter-output>
        </test-method> <!-- submitOrder -->
        <test-method is-config="true" signature="tearDown()[pri:0, instance:SeleniumFramework.test.StandAlone@346939bf]" started-at="2024-04-03T12:59:20 IST" name="tearDown" finished-at="2024-04-03T12:59:20 IST" duration-ms="38" status="PASS">
          <reporter-output>
          </reporter-output>
        </test-method> <!-- tearDown -->
        <test-method is-config="true" signature="launchApplication()[pri:0, instance:SeleniumFramework.test.StandAlone@346939bf]" started-at="2024-04-03T12:59:20 IST" name="launchApplication" finished-at="2024-04-03T12:59:23 IST" duration-ms="2650" status="PASS">
          <reporter-output>
          </reporter-output>
        </test-method> <!-- launchApplication -->
        <test-method signature="orderHistoryTest()[pri:0, instance:SeleniumFramework.test.StandAlone@346939bf]" started-at="2024-04-03T12:59:23 IST" name="orderHistoryTest" finished-at="2024-04-03T12:59:24 IST" depends-on-methods="SeleniumFramework.test.StandAlone.submitOrder" duration-ms="883" status="PASS">
          <reporter-output>
          </reporter-output>
        </test-method> <!-- orderHistoryTest -->
        <test-method is-config="true" signature="tearDown()[pri:0, instance:SeleniumFramework.test.StandAlone@346939bf]" started-at="2024-04-03T12:59:24 IST" name="tearDown" finished-at="2024-04-03T12:59:24 IST" duration-ms="24" status="PASS">
          <reporter-output>
          </reporter-output>
        </test-method> <!-- tearDown -->
      </class> <!-- SeleniumFramework.test.StandAlone -->
    </test> <!-- Stand Alone -->
    <test started-at="2024-04-03T12:59:24 IST" name="Error Validation Test" finished-at="2024-04-03T12:59:45 IST" duration-ms="21009">
      <class name="SeleniumFramework.test.ErrorValidationTest">
        <test-method is-config="true" signature="launchApplication()[pri:0, instance:SeleniumFramework.test.ErrorValidationTest@5b970f7]" started-at="2024-04-03T12:59:24 IST" name="launchApplication" finished-at="2024-04-03T12:59:27 IST" duration-ms="2941" status="PASS">
          <reporter-output>
          </reporter-output>
        </test-method> <!-- launchApplication -->
        <test-method signature="ProducterrorValidation()[pri:0, instance:SeleniumFramework.test.ErrorValidationTest@5b970f7]" started-at="2024-04-03T12:59:27 IST" name="ProducterrorValidation" finished-at="2024-04-03T12:59:41 IST" duration-ms="14038" status="PASS">
          <reporter-output>
          </reporter-output>
        </test-method> <!-- ProducterrorValidation -->
        <test-method is-config="true" signature="tearDown()[pri:0, instance:SeleniumFramework.test.ErrorValidationTest@5b970f7]" started-at="2024-04-03T12:59:41 IST" name="tearDown" finished-at="2024-04-03T12:59:41 IST" duration-ms="30" status="PASS">
          <reporter-output>
          </reporter-output>
        </test-method> <!-- tearDown -->
        <test-method is-config="true" signature="launchApplication()[pri:0, instance:SeleniumFramework.test.ErrorValidationTest@5b970f7]" started-at="2024-04-03T12:59:41 IST" name="launchApplication" finished-at="2024-04-03T12:59:44 IST" duration-ms="3213" status="PASS">
          <reporter-output>
          </reporter-output>
        </test-method> <!-- launchApplication -->
        <test-method signature="loginErrorValidation()[pri:0, instance:SeleniumFramework.test.ErrorValidationTest@5b970f7]" started-at="2024-04-03T12:59:44 IST" name="loginErrorValidation" finished-at="2024-04-03T12:59:45 IST" duration-ms="744" status="PASS">
          <reporter-output>
          </reporter-output>
        </test-method> <!-- loginErrorValidation -->
        <test-method is-config="true" signature="tearDown()[pri:0, instance:SeleniumFramework.test.ErrorValidationTest@5b970f7]" started-at="2024-04-03T12:59:45 IST" name="tearDown" finished-at="2024-04-03T12:59:45 IST" duration-ms="36" status="PASS">
          <reporter-output>
          </reporter-output>
        </test-method> <!-- tearDown -->
      </class> <!-- SeleniumFramework.test.ErrorValidationTest -->
    </test> <!-- Error Validation Test -->
  </suite> <!-- Suite -->
</testng-results>
